  stdafx.cpp
  Core.cpp
f:\学习\大三下\软件工程\第1次作业\repo\wordlistbuaa\wordlistdll\wordlistdll\core.cpp(7): error C2653: “Core”: 不是类或命名空间名称
f:\学习\大三下\软件工程\第1次作业\repo\wordlistbuaa\wordlistdll\wordlistdll\core.cpp(8): error C4430: 缺少类型说明符 - 假定为 int。注意: C++ 不支持默认 int
f:\学习\大三下\软件工程\第1次作业\repo\wordlistbuaa\wordlistdll\wordlistdll\core.cpp(9): error C2065: “a”: 未声明的标识符
f:\学习\大三下\软件工程\第1次作业\repo\wordlistbuaa\wordlistdll\wordlistdll\core.cpp(9): error C2061: 语法错误: 标识符“GenList”
f:\学习\大三下\软件工程\第1次作业\repo\wordlistbuaa\wordlistdll\wordlistdll\core.cpp(10): warning C4508: “Core”: 函数应返回一个值；假定“void”返回类型
f:\学习\大三下\软件工程\第1次作业\repo\wordlistbuaa\wordlistdll\wordlistdll\core.cpp(13): error C2523: “Core::~Core”: 析构函数 标记不匹配
f:\学习\大三下\软件工程\第1次作业\repo\wordlistbuaa\wordlistdll\wordlistdll\core.cpp(13): error C2510: “Core”:“::”的左边必须是类/结构/联合
f:\学习\大三下\软件工程\第1次作业\repo\wordlistbuaa\wordlistdll\wordlistdll\core.cpp(14): error C4430: 缺少类型说明符 - 假定为 int。注意: C++ 不支持默认 int
f:\学习\大三下\软件工程\第1次作业\repo\wordlistbuaa\wordlistdll\wordlistdll\core.cpp(15): warning C4508: “Core”: 函数应返回一个值；假定“void”返回类型
f:\学习\大三下\软件工程\第1次作业\repo\wordlistbuaa\wordlistdll\wordlistdll\core.cpp(17): error C2510: “Core”:“::”的左边必须是类/结构/联合
f:\学习\大三下\软件工程\第1次作业\repo\wordlistbuaa\wordlistdll\wordlistdll\core.cpp(20): error C2065: “a”: 未声明的标识符
f:\学习\大三下\软件工程\第1次作业\repo\wordlistbuaa\wordlistdll\wordlistdll\core.cpp(24): error C2510: “Core”:“::”的左边必须是类/结构/联合
f:\学习\大三下\软件工程\第1次作业\repo\wordlistbuaa\wordlistdll\wordlistdll\core.cpp(27): error C2065: “a”: 未声明的标识符
  dllmain.cpp
  GenList.cpp
f:\学习\大三下\软件工程\第1次作业\repo\wordlistbuaa\wordlistdll\wordlistdll\genlist.cpp(8): error C2653: “GenList”: 不是类或命名空间名称
f:\学习\大三下\软件工程\第1次作业\repo\wordlistbuaa\wordlistdll\wordlistdll\genlist.cpp(9): error C4430: 缺少类型说明符 - 假定为 int。注意: C++ 不支持默认 int
f:\学习\大三下\软件工程\第1次作业\repo\wordlistbuaa\wordlistdll\wordlistdll\genlist.cpp(15): error C2065: “use”: 未声明的标识符
f:\学习\大三下\软件工程\第1次作业\repo\wordlistbuaa\wordlistdll\wordlistdll\genlist.cpp(17): error C2065: “MaxDeep”: 未声明的标识符
f:\学习\大三下\软件工程\第1次作业\repo\wordlistbuaa\wordlistdll\wordlistdll\genlist.cpp(18): error C2065: “indeg”: 未声明的标识符
f:\学习\大三下\软件工程\第1次作业\repo\wordlistbuaa\wordlistdll\wordlistdll\genlist.cpp(22): error C2065: “Last”: 未声明的标识符
f:\学习\大三下\软件工程\第1次作业\repo\wordlistbuaa\wordlistdll\wordlistdll\genlist.cpp(23): error C2065: “LastMode”: 未声明的标识符
f:\学习\大三下\软件工程\第1次作业\repo\wordlistbuaa\wordlistdll\wordlistdll\genlist.cpp(26): warning C4508: “GenList”: 函数应返回一个值；假定“void”返回类型
f:\学习\大三下\软件工程\第1次作业\repo\wordlistbuaa\wordlistdll\wordlistdll\genlist.cpp(28): error C2510: “GenList”:“::”的左边必须是类/结构/联合
f:\学习\大三下\软件工程\第1次作业\repo\wordlistbuaa\wordlistdll\wordlistdll\genlist.cpp(28): error C2061: 语法错误: 标识符“vector”
f:\学习\大三下\软件工程\第1次作业\repo\wordlistbuaa\wordlistdll\wordlistdll\genlist.cpp(43): error C2065: “MaxDeep”: 未声明的标识符
f:\学习\大三下\软件工程\第1次作业\repo\wordlistbuaa\wordlistdll\wordlistdll\genlist.cpp(48): error C2065: “WordTree”: 未声明的标识符
f:\学习\大三下\软件工程\第1次作业\repo\wordlistbuaa\wordlistdll\wordlistdll\genlist.cpp(48): error C2065: “use”: 未声明的标识符
f:\学习\大三下\软件工程\第1次作业\repo\wordlistbuaa\wordlistdll\wordlistdll\genlist.cpp(56): error C2065: “WordTreeLenth”: 未声明的标识符
f:\学习\大三下\软件工程\第1次作业\repo\wordlistbuaa\wordlistdll\wordlistdll\genlist.cpp(59): error C2065: “RoadLenth”: 未声明的标识符
f:\学习\大三下\软件工程\第1次作业\repo\wordlistbuaa\wordlistdll\wordlistdll\genlist.cpp(60): error C2065: “use”: 未声明的标识符
f:\学习\大三下\软件工程\第1次作业\repo\wordlistbuaa\wordlistdll\wordlistdll\genlist.cpp(61): error C2065: “OneRoad”: 未声明的标识符
f:\学习\大三下\软件工程\第1次作业\repo\wordlistbuaa\wordlistdll\wordlistdll\genlist.cpp(63): error C2065: “MaxDeep”: 未声明的标识符
f:\学习\大三下\软件工程\第1次作业\repo\wordlistbuaa\wordlistdll\wordlistdll\genlist.cpp(64): error C2065: “WordTree”: 未声明的标识符
f:\学习\大三下\软件工程\第1次作业\repo\wordlistbuaa\wordlistdll\wordlistdll\genlist.cpp(64): error C2065: “WordTreeLenth”: 未声明的标识符
f:\学习\大三下\软件工程\第1次作业\repo\wordlistbuaa\wordlistdll\wordlistdll\genlist.cpp(65): error C2065: “MaxDeep”: 未声明的标识符
f:\学习\大三下\软件工程\第1次作业\repo\wordlistbuaa\wordlistdll\wordlistdll\genlist.cpp(73): error C2065: “MaxDeep”: 未声明的标识符
f:\学习\大三下\软件工程\第1次作业\repo\wordlistbuaa\wordlistdll\wordlistdll\genlist.cpp(76): error C2065: “OneRoad”: 未声明的标识符
f:\学习\大三下\软件工程\第1次作业\repo\wordlistbuaa\wordlistdll\wordlistdll\genlist.cpp(77): error C2065: “use”: 未声明的标识符
f:\学习\大三下\软件工程\第1次作业\repo\wordlistbuaa\wordlistdll\wordlistdll\genlist.cpp(78): error C2065: “RoadLenth”: 未声明的标识符
f:\学习\大三下\软件工程\第1次作业\repo\wordlistbuaa\wordlistdll\wordlistdll\genlist.cpp(83): error C2065: “MaxDeep”: 未声明的标识符
f:\学习\大三下\软件工程\第1次作业\repo\wordlistbuaa\wordlistdll\wordlistdll\genlist.cpp(89): error C2065: “MaxDeep”: 未声明的标识符
f:\学习\大三下\软件工程\第1次作业\repo\wordlistbuaa\wordlistdll\wordlistdll\genlist.cpp(93): error C2065: “MaxDeep”: 未声明的标识符
f:\学习\大三下\软件工程\第1次作业\repo\wordlistbuaa\wordlistdll\wordlistdll\genlist.cpp(93): error C2065: “WordTreeLenth”: 未声明的标识符
f:\学习\大三下\软件工程\第1次作业\repo\wordlistbuaa\wordlistdll\wordlistdll\genlist.cpp(102): error C2510: “GenList”:“::”的左边必须是类/结构/联合
f:\学习\大三下\软件工程\第1次作业\repo\wordlistbuaa\wordlistdll\wordlistdll\genlist.cpp(111): error C2065: “ofstream”: 未声明的标识符
f:\学习\大三下\软件工程\第1次作业\repo\wordlistbuaa\wordlistdll\wordlistdll\genlist.cpp(111): error C2146: 语法错误: 缺少“;”(在标识符“outfile”的前面)
f:\学习\大三下\软件工程\第1次作业\repo\wordlistbuaa\wordlistdll\wordlistdll\genlist.cpp(111): error C3861: “outfile”: 找不到标识符
f:\学习\大三下\软件工程\第1次作业\repo\wordlistbuaa\wordlistdll\wordlistdll\genlist.cpp(112): error C2065: “outfile”: 未声明的标识符
f:\学习\大三下\软件工程\第1次作业\repo\wordlistbuaa\wordlistdll\wordlistdll\genlist.cpp(114): error C2065: “cout”: 未声明的标识符
f:\学习\大三下\软件工程\第1次作业\repo\wordlistbuaa\wordlistdll\wordlistdll\genlist.cpp(114): error C2065: “endl”: 未声明的标识符
f:\学习\大三下\软件工程\第1次作业\repo\wordlistbuaa\wordlistdll\wordlistdll\genlist.cpp(119): error C2065: “CRoad”: 未声明的标识符
f:\学习\大三下\软件工程\第1次作业\repo\wordlistbuaa\wordlistdll\wordlistdll\genlist.cpp(124): warning C4018: “<”: 有符号/无符号不匹配
f:\学习\大三下\软件工程\第1次作业\repo\wordlistbuaa\wordlistdll\wordlistdll\genlist.cpp(127): error C2065: “outfile”: 未声明的标识符
f:\学习\大三下\软件工程\第1次作业\repo\wordlistbuaa\wordlistdll\wordlistdll\genlist.cpp(127): error C2065: “CRoad”: 未声明的标识符
f:\学习\大三下\软件工程\第1次作业\repo\wordlistbuaa\wordlistdll\wordlistdll\genlist.cpp(127): error C2065: “endl”: 未声明的标识符
f:\学习\大三下\软件工程\第1次作业\repo\wordlistbuaa\wordlistdll\wordlistdll\genlist.cpp(134): error C2510: “GenList”:“::”的左边必须是类/结构/联合
f:\学习\大三下\软件工程\第1次作业\repo\wordlistbuaa\wordlistdll\wordlistdll\genlist.cpp(134): error C2065: “vector”: 未声明的标识符
f:\学习\大三下\软件工程\第1次作业\repo\wordlistbuaa\wordlistdll\wordlistdll\genlist.cpp(134): error C2062: 意外的类型“char”
f:\学习\大三下\软件工程\第1次作业\repo\wordlistbuaa\wordlistdll\wordlistdll\genlist.cpp(135): error C2143: 语法错误: 缺少“;”(在“{”的前面)
f:\学习\大三下\软件工程\第1次作业\repo\wordlistbuaa\wordlistdll\wordlistdll\genlist.cpp(135): error C2447: “{”: 缺少函数标题(是否是老式的形式表?)
f:\学习\大三下\软件工程\第1次作业\repo\wordlistbuaa\wordlistdll\wordlistdll\genlist.cpp(196): error C2510: “GenList”:“::”的左边必须是类/结构/联合
f:\学习\大三下\软件工程\第1次作业\repo\wordlistbuaa\wordlistdll\wordlistdll\genlist.cpp(196): error C2061: 语法错误: 标识符“vector”
f:\学习\大三下\软件工程\第1次作业\repo\wordlistbuaa\wordlistdll\wordlistdll\genlist.cpp(208): error C2065: “GWordTreeNext”: 未声明的标识符
f:\学习\大三下\软件工程\第1次作业\repo\wordlistbuaa\wordlistdll\wordlistdll\genlist.cpp(212): error C2065: “GWordTreeNext”: 未声明的标识符
f:\学习\大三下\软件工程\第1次作业\repo\wordlistbuaa\wordlistdll\wordlistdll\genlist.cpp(217): error C2065: “GWordTreeUsed”: 未声明的标识符
f:\学习\大三下\软件工程\第1次作业\repo\wordlistbuaa\wordlistdll\wordlistdll\genlist.cpp(220): error C2065: “GWordTreeUsed”: 未声明的标识符
f:\学习\大三下\软件工程\第1次作业\repo\wordlistbuaa\wordlistdll\wordlistdll\genlist.cpp(222): error C2065: “cout”: 未声明的标识符
f:\学习\大三下\软件工程\第1次作业\repo\wordlistbuaa\wordlistdll\wordlistdll\genlist.cpp(222): error C2065: “endl”: 未声明的标识符
f:\学习\大三下\软件工程\第1次作业\repo\wordlistbuaa\wordlistdll\wordlistdll\genlist.cpp(229): error C2065: “WordTreeLenth”: 未声明的标识符
f:\学习\大三下\软件工程\第1次作业\repo\wordlistbuaa\wordlistdll\wordlistdll\genlist.cpp(232): error C2065: “RoadLenth”: 未声明的标识符
f:\学习\大三下\软件工程\第1次作业\repo\wordlistbuaa\wordlistdll\wordlistdll\genlist.cpp(233): error C2065: “COneRoad”: 未声明的标识符
f:\学习\大三下\软件工程\第1次作业\repo\wordlistbuaa\wordlistdll\wordlistdll\genlist.cpp(233): error C2065: “WordTree”: 未声明的标识符
f:\学习\大三下\软件工程\第1次作业\repo\wordlistbuaa\wordlistdll\wordlistdll\genlist.cpp(234): error C2065: “GWordTreeUsed”: 未声明的标识符
f:\学习\大三下\软件工程\第1次作业\repo\wordlistbuaa\wordlistdll\wordlistdll\genlist.cpp(236): error C2065: “WordTree”: 未声明的标识符
f:\学习\大三下\软件工程\第1次作业\repo\wordlistbuaa\wordlistdll\wordlistdll\genlist.cpp(236): error C2065: “WordTreeLenth”: 未声明的标识符
f:\学习\大三下\软件工程\第1次作业\repo\wordlistbuaa\wordlistdll\wordlistdll\genlist.cpp(237): error C2065: “GWordTreeUsed”: 未声明的标识符
f:\学习\大三下\软件工程\第1次作业\repo\wordlistbuaa\wordlistdll\wordlistdll\genlist.cpp(238): error C2065: “COneRoad”: 未声明的标识符
f:\学习\大三下\软件工程\第1次作业\repo\wordlistbuaa\wordlistdll\wordlistdll\genlist.cpp(239): error C2065: “RoadLenth”: 未声明的标识符
f:\学习\大三下\软件工程\第1次作业\repo\wordlistbuaa\wordlistdll\wordlistdll\genlist.cpp(246): error C2065: “RoadLenth”: 未声明的标识符
f:\学习\大三下\软件工程\第1次作业\repo\wordlistbuaa\wordlistdll\wordlistdll\genlist.cpp(246): error C2065: “MaxLenth”: 未声明的标识符
f:\学习\大三下\软件工程\第1次作业\repo\wordlistbuaa\wordlistdll\wordlistdll\genlist.cpp(249): error C2065: “LastMode”: 未声明的标识符
f:\学习\大三下\软件工程\第1次作业\repo\wordlistbuaa\wordlistdll\wordlistdll\genlist.cpp(249): error C2065: “Last”: 未声明的标识符
f:\学习\大三下\软件工程\第1次作业\repo\wordlistbuaa\wordlistdll\wordlistdll\genlist.cpp(251): error C2065: “MaxLenth”: 未声明的标识符
f:\学习\大三下\软件工程\第1次作业\repo\wordlistbuaa\wordlistdll\wordlistdll\genlist.cpp(251): error C2065: “RoadLenth”: 未声明的标识符
f:\学习\大三下\软件工程\第1次作业\repo\wordlistbuaa\wordlistdll\wordlistdll\genlist.cpp(252): error C2065: “CRoad”: 未声明的标识符
f:\学习\大三下\软件工程\第1次作业\repo\wordlistbuaa\wordlistdll\wordlistdll\genlist.cpp(253): error C2065: “COneRoad”: 未声明的标识符
f:\学习\大三下\软件工程\第1次作业\repo\wordlistbuaa\wordlistdll\wordlistdll\genlist.cpp(256): error C2065: “CRoad”: 未声明的标识符
f:\学习\大三下\软件工程\第1次作业\repo\wordlistbuaa\wordlistdll\wordlistdll\genlist.cpp(256): error C2065: “COneRoad”: 未声明的标识符
f:\学习\大三下\软件工程\第1次作业\repo\wordlistbuaa\wordlistdll\wordlistdll\genlist.cpp(262): error C2510: “GenList”:“::”的左边必须是类/结构/联合
f:\学习\大三下\软件工程\第1次作业\repo\wordlistbuaa\wordlistdll\wordlistdll\genlist.cpp(262): error C2061: 语法错误: 标识符“vector”
f:\学习\大三下\软件工程\第1次作业\repo\wordlistbuaa\wordlistdll\wordlistdll\genlist.cpp(270): error C2065: “ofstream”: 未声明的标识符
f:\学习\大三下\软件工程\第1次作业\repo\wordlistbuaa\wordlistdll\wordlistdll\genlist.cpp(270): error C2146: 语法错误: 缺少“;”(在标识符“outfile”的前面)
f:\学习\大三下\软件工程\第1次作业\repo\wordlistbuaa\wordlistdll\wordlistdll\genlist.cpp(270): error C3861: “outfile”: 找不到标识符
f:\学习\大三下\软件工程\第1次作业\repo\wordlistbuaa\wordlistdll\wordlistdll\genlist.cpp(271): error C2065: “outfile”: 未声明的标识符
f:\学习\大三下\软件工程\第1次作业\repo\wordlistbuaa\wordlistdll\wordlistdll\genlist.cpp(279): error C2065: “MaxDeep”: 未声明的标识符
f:\学习\大三下\软件工程\第1次作业\repo\wordlistbuaa\wordlistdll\wordlistdll\genlist.cpp(281): error C2065: “MaxDeep”: 未声明的标识符
f:\学习\大三下\软件工程\第1次作业\repo\wordlistbuaa\wordlistdll\wordlistdll\genlist.cpp(290): error C2065: “WordTree”: 未声明的标识符
f:\学习\大三下\软件工程\第1次作业\repo\wordlistbuaa\wordlistdll\wordlistdll\genlist.cpp(298): error C2065: “WordTreeLenth”: 未声明的标识符
f:\学习\大三下\软件工程\第1次作业\repo\wordlistbuaa\wordlistdll\wordlistdll\genlist.cpp(300): error C2065: “MaxDeep”: 未声明的标识符
f:\学习\大三下\软件工程\第1次作业\repo\wordlistbuaa\wordlistdll\wordlistdll\genlist.cpp(303): error C2065: “outfile”: 未声明的标识符
f:\学习\大三下\软件工程\第1次作业\repo\wordlistbuaa\wordlistdll\wordlistdll\genlist.cpp(303): error C2065: “WordTree”: 未声明的标识符
f:\学习\大三下\软件工程\第1次作业\repo\wordlistbuaa\wordlistdll\wordlistdll\genlist.cpp(303): error C2065: “endl”: 未声明的标识符
f:\学习\大三下\软件工程\第1次作业\repo\wordlistbuaa\wordlistdll\wordlistdll\genlist.cpp(304): error C2065: “NCRoad”: 未声明的标识符
f:\学习\大三下\软件工程\第1次作业\repo\wordlistbuaa\wordlistdll\wordlistdll\genlist.cpp(304): error C2065: “WordTree”: 未声明的标识符
f:\学习\大三下\软件工程\第1次作业\repo\wordlistbuaa\wordlistdll\wordlistdll\genlist.cpp(320): error C2065: “WordTreeLenth”: 未声明的标识符
f:\学习\大三下\软件工程\第1次作业\repo\wordlistbuaa\wordlistdll\wordlistdll\genlist.cpp(322): error C2065: “outfile”: 未声明的标识符
f:\学习\大三下\软件工程\第1次作业\repo\wordlistbuaa\wordlistdll\wordlistdll\genlist.cpp(322): error C2065: “WordTree”: 未声明的标识符
f:\学习\大三下\软件工程\第1次作业\repo\wordlistbuaa\wordlistdll\wordlistdll\genlist.cpp(322): error C2065: “endl”: 未声明的标识符
f:\学习\大三下\软件工程\第1次作业\repo\wordlistbuaa\wordlistdll\wordlistdll\genlist.cpp(323): error C2065: “NCRoad”: 未声明的标识符
f:\学习\大三下\软件工程\第1次作业\repo\wordlistbuaa\wordlistdll\wordlistdll\genlist.cpp(323): error C2065: “WordTree”: 未声明的标识符
f:\学习\大三下\软件工程\第1次作业\repo\wordlistbuaa\wordlistdll\wordlistdll\genlist.cpp(335): error C2510: “GenList”:“::”的左边必须是类/结构/联合
f:\学习\大三下\软件工程\第1次作业\repo\wordlistbuaa\wordlistdll\wordlistdll\genlist.cpp(335): error C2061: 语法错误: 标识符“vector”
f:\学习\大三下\软件工程\第1次作业\repo\wordlistbuaa\wordlistdll\wordlistdll\genlist.cpp(350): error C2065: “MaxDeep”: 未声明的标识符
f:\学习\大三下\软件工程\第1次作业\repo\wordlistbuaa\wordlistdll\wordlistdll\genlist.cpp(355): error C2065: “WordTree”: 未声明的标识符
f:\学习\大三下\软件工程\第1次作业\repo\wordlistbuaa\wordlistdll\wordlistdll\genlist.cpp(355): error C2065: “use”: 未声明的标识符
f:\学习\大三下\软件工程\第1次作业\repo\wordlistbuaa\wordlistdll\wordlistdll\genlist.cpp(363): error C2065: “WordTreeLenth”: 未声明的标识符
f:\学习\大三下\软件工程\第1次作业\repo\wordlistbuaa\wordlistdll\wordlistdll\genlist.cpp(366): error C2065: “use”: 未声明的标识符
f:\学习\大三下\软件工程\第1次作业\repo\wordlistbuaa\wordlistdll\wordlistdll\genlist.cpp(368): error C2065: “MaxDeep”: 未声明的标识符
f:\学习\大三下\软件工程\第1次作业\repo\wordlistbuaa\wordlistdll\wordlistdll\genlist.cpp(368): fatal error C1003: 错误计数超过 100；正在停止编译
  Input.cpp
f:\学习\大三下\软件工程\第1次作业\repo\wordlistbuaa\wordlistdll\wordlistdll\input.cpp(6): error C2653: “Input”: 不是类或命名空间名称
f:\学习\大三下\软件工程\第1次作业\repo\wordlistbuaa\wordlistdll\wordlistdll\input.cpp(7): error C4430: 缺少类型说明符 - 假定为 int。注意: C++ 不支持默认 int
f:\学习\大三下\软件工程\第1次作业\repo\wordlistbuaa\wordlistdll\wordlistdll\input.cpp(8): warning C4508: “Input”: 函数应返回一个值；假定“void”返回类型
f:\学习\大三下\软件工程\第1次作业\repo\wordlistbuaa\wordlistdll\wordlistdll\input.cpp(11): error C2523: “Input::~Input”: 析构函数 标记不匹配
f:\学习\大三下\软件工程\第1次作业\repo\wordlistbuaa\wordlistdll\wordlistdll\input.cpp(11): error C2510: “Input”:“::”的左边必须是类/结构/联合
f:\学习\大三下\软件工程\第1次作业\repo\wordlistbuaa\wordlistdll\wordlistdll\input.cpp(12): error C4430: 缺少类型说明符 - 假定为 int。注意: C++ 不支持默认 int
f:\学习\大三下\软件工程\第1次作业\repo\wordlistbuaa\wordlistdll\wordlistdll\input.cpp(12): error C2084: 函数“int Input(void)”已有主体
  f:\学习\大三下\软件工程\第1次作业\repo\wordlistbuaa\wordlistdll\wordlistdll\input.cpp(6): note: 参见“Input”的前一个定义
f:\学习\大三下\软件工程\第1次作业\repo\wordlistbuaa\wordlistdll\wordlistdll\input.cpp(16): error C2510: “Input”:“::”的左边必须是类/结构/联合
f:\学习\大三下\软件工程\第1次作业\repo\wordlistbuaa\wordlistdll\wordlistdll\input.cpp(34): error C2510: “Input”:“::”的左边必须是类/结构/联合
f:\学习\大三下\软件工程\第1次作业\repo\wordlistbuaa\wordlistdll\wordlistdll\input.cpp(42): error C2065: “Mode”: 未声明的标识符
f:\学习\大三下\软件工程\第1次作业\repo\wordlistbuaa\wordlistdll\wordlistdll\input.cpp(46): error C2065: “Mode”: 未声明的标识符
f:\学习\大三下\软件工程\第1次作业\repo\wordlistbuaa\wordlistdll\wordlistdll\input.cpp(51): error C2065: “First”: 未声明的标识符
f:\学习\大三下\软件工程\第1次作业\repo\wordlistbuaa\wordlistdll\wordlistdll\input.cpp(54): error C2065: “cout”: 未声明的标识符
f:\学习\大三下\软件工程\第1次作业\repo\wordlistbuaa\wordlistdll\wordlistdll\input.cpp(54): error C2065: “endl”: 未声明的标识符
f:\学习\大三下\软件工程\第1次作业\repo\wordlistbuaa\wordlistdll\wordlistdll\input.cpp(57): error C2065: “First”: 未声明的标识符
f:\学习\大三下\软件工程\第1次作业\repo\wordlistbuaa\wordlistdll\wordlistdll\input.cpp(65): error C2065: “Last”: 未声明的标识符
f:\学习\大三下\软件工程\第1次作业\repo\wordlistbuaa\wordlistdll\wordlistdll\input.cpp(68): error C2065: “cout”: 未声明的标识符
f:\学习\大三下\软件工程\第1次作业\repo\wordlistbuaa\wordlistdll\wordlistdll\input.cpp(68): error C2065: “endl”: 未声明的标识符
f:\学习\大三下\软件工程\第1次作业\repo\wordlistbuaa\wordlistdll\wordlistdll\input.cpp(71): error C2065: “Last”: 未声明的标识符
f:\学习\大三下\软件工程\第1次作业\repo\wordlistbuaa\wordlistdll\wordlistdll\input.cpp(78): error C2065: “Cancircle”: 未声明的标识符
f:\学习\大三下\软件工程\第1次作业\repo\wordlistbuaa\wordlistdll\wordlistdll\input.cpp(84): error C2065: “FileName”: 未声明的标识符
f:\学习\大三下\软件工程\第1次作业\repo\wordlistbuaa\wordlistdll\wordlistdll\input.cpp(85): error C2065: “FileName”: 未声明的标识符
  pch.cpp
  Readin.cpp
f:\学习\大三下\软件工程\第1次作业\repo\wordlistbuaa\wordlistdll\wordlistdll\readin.cpp(16): error C2653: “Readin”: 不是类或命名空间名称
f:\学习\大三下\软件工程\第1次作业\repo\wordlistbuaa\wordlistdll\wordlistdll\readin.cpp(21): error C2065: “string”: 未声明的标识符
f:\学习\大三下\软件工程\第1次作业\repo\wordlistbuaa\wordlistdll\wordlistdll\readin.cpp(21): error C2146: 语法错误: 缺少“;”(在标识符“data”的前面)
f:\学习\大三下\软件工程\第1次作业\repo\wordlistbuaa\wordlistdll\wordlistdll\readin.cpp(21): error C2065: “data”: 未声明的标识符
f:\学习\大三下\软件工程\第1次作业\repo\wordlistbuaa\wordlistdll\wordlistdll\readin.cpp(25): error C2065: “ifstream”: 未声明的标识符
f:\学习\大三下\软件工程\第1次作业\repo\wordlistbuaa\wordlistdll\wordlistdll\readin.cpp(25): error C2146: 语法错误: 缺少“;”(在标识符“infile”的前面)
f:\学习\大三下\软件工程\第1次作业\repo\wordlistbuaa\wordlistdll\wordlistdll\readin.cpp(25): error C3861: “infile”: 找不到标识符
f:\学习\大三下\软件工程\第1次作业\repo\wordlistbuaa\wordlistdll\wordlistdll\readin.cpp(26): error C2065: “ostringstream”: 未声明的标识符
f:\学习\大三下\软件工程\第1次作业\repo\wordlistbuaa\wordlistdll\wordlistdll\readin.cpp(26): error C2146: 语法错误: 缺少“;”(在标识符“tmp”的前面)
f:\学习\大三下\软件工程\第1次作业\repo\wordlistbuaa\wordlistdll\wordlistdll\readin.cpp(26): error C2065: “tmp”: 未声明的标识符
f:\学习\大三下\软件工程\第1次作业\repo\wordlistbuaa\wordlistdll\wordlistdll\readin.cpp(27): error C2065: “infile”: 未声明的标识符
f:\学习\大三下\软件工程\第1次作业\repo\wordlistbuaa\wordlistdll\wordlistdll\readin.cpp(32): error C2065: “tmp”: 未声明的标识符
f:\学习\大三下\软件工程\第1次作业\repo\wordlistbuaa\wordlistdll\wordlistdll\readin.cpp(32): error C2065: “infile”: 未声明的标识符
f:\学习\大三下\软件工程\第1次作业\repo\wordlistbuaa\wordlistdll\wordlistdll\readin.cpp(33): error C2065: “data”: 未声明的标识符
f:\学习\大三下\软件工程\第1次作业\repo\wordlistbuaa\wordlistdll\wordlistdll\readin.cpp(33): error C2065: “tmp”: 未声明的标识符
f:\学习\大三下\软件工程\第1次作业\repo\wordlistbuaa\wordlistdll\wordlistdll\readin.cpp(34): error C2065: “data”: 未声明的标识符
f:\学习\大三下\软件工程\第1次作业\repo\wordlistbuaa\wordlistdll\wordlistdll\readin.cpp(37): error C2065: “data”: 未声明的标识符
f:\学习\大三下\软件工程\第1次作业\repo\wordlistbuaa\wordlistdll\wordlistdll\readin.cpp(44): error C2065: “data”: 未声明的标识符
f:\学习\大三下\软件工程\第1次作业\repo\wordlistbuaa\wordlistdll\wordlistdll\readin.cpp(51): error C2065: “WordNum”: 未声明的标识符
f:\学习\大三下\软件工程\第1次作业\repo\wordlistbuaa\wordlistdll\wordlistdll\readin.cpp(56): error C2065: “Words”: 未声明的标识符
f:\学习\大三下\软件工程\第1次作业\repo\wordlistbuaa\wordlistdll\wordlistdll\readin.cpp(56): error C2065: “WordNum”: 未声明的标识符
f:\学习\大三下\软件工程\第1次作业\repo\wordlistbuaa\wordlistdll\wordlistdll\readin.cpp(57): error C2065: “Words”: 未声明的标识符
f:\学习\大三下\软件工程\第1次作业\repo\wordlistbuaa\wordlistdll\wordlistdll\readin.cpp(57): error C2065: “WordNum”: 未声明的标识符
f:\学习\大三下\软件工程\第1次作业\repo\wordlistbuaa\wordlistdll\wordlistdll\readin.cpp(58): error C2065: “WordLen”: 未声明的标识符
f:\学习\大三下\软件工程\第1次作业\repo\wordlistbuaa\wordlistdll\wordlistdll\readin.cpp(58): error C2065: “WordNum”: 未声明的标识符
f:\学习\大三下\软件工程\第1次作业\repo\wordlistbuaa\wordlistdll\wordlistdll\readin.cpp(59): error C2065: “WordNum”: 未声明的标识符
f:\学习\大三下\软件工程\第1次作业\repo\wordlistbuaa\wordlistdll\wordlistdll\readin.cpp(66): error C2065: “WordNum”: 未声明的标识符
f:\学习\大三下\软件工程\第1次作业\repo\wordlistbuaa\wordlistdll\wordlistdll\readin.cpp(71): error C2065: “Words”: 未声明的标识符
f:\学习\大三下\软件工程\第1次作业\repo\wordlistbuaa\wordlistdll\wordlistdll\readin.cpp(71): error C2065: “WordNum”: 未声明的标识符
f:\学习\大三下\软件工程\第1次作业\repo\wordlistbuaa\wordlistdll\wordlistdll\readin.cpp(72): error C2065: “Words”: 未声明的标识符
f:\学习\大三下\软件工程\第1次作业\repo\wordlistbuaa\wordlistdll\wordlistdll\readin.cpp(72): error C2065: “WordNum”: 未声明的标识符
f:\学习\大三下\软件工程\第1次作业\repo\wordlistbuaa\wordlistdll\wordlistdll\readin.cpp(73): error C2065: “WordLen”: 未声明的标识符
f:\学习\大三下\软件工程\第1次作业\repo\wordlistbuaa\wordlistdll\wordlistdll\readin.cpp(73): error C2065: “WordNum”: 未声明的标识符
f:\学习\大三下\软件工程\第1次作业\repo\wordlistbuaa\wordlistdll\wordlistdll\readin.cpp(74): error C2065: “WordNum”: 未声明的标识符
f:\学习\大三下\软件工程\第1次作业\repo\wordlistbuaa\wordlistdll\wordlistdll\readin.cpp(83): error C2653: “Readin”: 不是类或命名空间名称
f:\学习\大三下\软件工程\第1次作业\repo\wordlistbuaa\wordlistdll\wordlistdll\readin.cpp(97): error C2065: “WordTree”: 未声明的标识符
f:\学习\大三下\软件工程\第1次作业\repo\wordlistbuaa\wordlistdll\wordlistdll\readin.cpp(98): error C2065: “WordTreeLenth”: 未声明的标识符
f:\学习\大三下\软件工程\第1次作业\repo\wordlistbuaa\wordlistdll\wordlistdll\readin.cpp(99): error C2065: “WordTreeUsed”: 未声明的标识符
f:\学习\大三下\软件工程\第1次作业\repo\wordlistbuaa\wordlistdll\wordlistdll\readin.cpp(102): error C2065: “WordTree”: 未声明的标识符
f:\学习\大三下\软件工程\第1次作业\repo\wordlistbuaa\wordlistdll\wordlistdll\readin.cpp(103): error C2065: “WordTreeLenth”: 未声明的标识符
f:\学习\大三下\软件工程\第1次作业\repo\wordlistbuaa\wordlistdll\wordlistdll\readin.cpp(104): error C2065: “WordTreeUsed”: 未声明的标识符
f:\学习\大三下\软件工程\第1次作业\repo\wordlistbuaa\wordlistdll\wordlistdll\readin.cpp(107): error C2065: “WordNum”: 未声明的标识符
f:\学习\大三下\软件工程\第1次作业\repo\wordlistbuaa\wordlistdll\wordlistdll\readin.cpp(110): error C2065: “WordLen”: 未声明的标识符
f:\学习\大三下\软件工程\第1次作业\repo\wordlistbuaa\wordlistdll\wordlistdll\readin.cpp(111): error C2065: “Words”: 未声明的标识符
f:\学习\大三下\软件工程\第1次作业\repo\wordlistbuaa\wordlistdll\wordlistdll\readin.cpp(112): error C2065: “Words”: 未声明的标识符
f:\学习\大三下\软件工程\第1次作业\repo\wordlistbuaa\wordlistdll\wordlistdll\readin.cpp(113): error C2065: “WordTree”: 未声明的标识符
f:\学习\大三下\软件工程\第1次作业\repo\wordlistbuaa\wordlistdll\wordlistdll\readin.cpp(116): error C2065: “Words”: 未声明的标识符
f:\学习\大三下\软件工程\第1次作业\repo\wordlistbuaa\wordlistdll\wordlistdll\readin.cpp(116): error C2065: “WordTree”: 未声明的标识符
f:\学习\大三下\软件工程\第1次作业\repo\wordlistbuaa\wordlistdll\wordlistdll\readin.cpp(116): error C2660: “strcmp”: 函数不接受 1 个参数
  c:\program files (x86)\windows kits\10\include\10.0.17763.0\ucrt\string.h(100): note: 参见“strcmp”的声明
f:\学习\大三下\软件工程\第1次作业\repo\wordlistbuaa\wordlistdll\wordlistdll\readin.cpp(124): error C2065: “WordTree”: 未声明的标识符
f:\学习\大三下\软件工程\第1次作业\repo\wordlistbuaa\wordlistdll\wordlistdll\readin.cpp(124): error C2065: “Words”: 未声明的标识符
f:\学习\大三下\软件工程\第1次作业\repo\wordlistbuaa\wordlistdll\wordlistdll\readin.cpp(125): error C2065: “WordTreeLenth”: 未声明的标识符
f:\学习\大三下\软件工程\第1次作业\repo\wordlistbuaa\wordlistdll\wordlistdll\readin.cpp(126): error C2065: “WordTreeUsed”: 未声明的标识符
f:\学习\大三下\软件工程\第1次作业\repo\wordlistbuaa\wordlistdll\wordlistdll\readin.cpp(133): error C2065: “WordTree”: 未声明的标识符
f:\学习\大三下\软件工程\第1次作业\repo\wordlistbuaa\wordlistdll\wordlistdll\readin.cpp(135): error C2065: “WordTree”: 未声明的标识符
f:\学习\大三下\软件工程\第1次作业\repo\wordlistbuaa\wordlistdll\wordlistdll\readin.cpp(135): error C3861: “sort”: 找不到标识符
f:\学习\大三下\软件工程\第1次作业\repo\wordlistbuaa\wordlistdll\wordlistdll\readin.cpp(136): error C2065: “WordTreeLenth”: 未声明的标识符
f:\学习\大三下\软件工程\第1次作业\repo\wordlistbuaa\wordlistdll\wordlistdll\readin.cpp(136): error C3861: “sort”: 找不到标识符
  WordListDll.cpp
  正在编译...
  正在生成代码...
