  Core.cpp
f:\学习\大三下\软件工程\第1次作业\repo\wordlistbuaa\coredll\coredll\core.cpp(1): warning C4603: “CoreDll”: 未定义宏或在预编译头使用后定义发生改变
  f:\学习\大三下\软件工程\第1次作业\repo\wordlistbuaa\coredll\coredll\core.cpp(1): note: 将宏添加到预编译头中，而不是在此处定义
  f:\学习\大三下\软件工程\第1次作业\repo\wordlistbuaa\coredll\coredll\core.cpp(3): note: 使用预编译头
f:\学习\大三下\软件工程\第1次作业\repo\wordlistbuaa\coredll\coredll\readin.h(25): warning C4251: “Readin::WordTree”: class“std::vector<std::vector<std::vector<char *,std::allocator<_Ty>>,std::allocator<std::vector<_Ty,std::allocator<_Ty>>>>,std::allocator<std::vector<std::vector<_Ty,std::allocator<_Ty>>,std::allocator<std::vector<_Ty,std::allocator<_Ty>>>>>>”需要有 dll 接口由 class“Readin”的客户端使用
          with
          [
              _Ty=char *
          ]
  f:\学习\大三下\软件工程\第1次作业\repo\wordlistbuaa\coredll\coredll\readin.h(25): note: 参见“std::vector<std::vector<std::vector<char *,std::allocator<_Ty>>,std::allocator<std::vector<_Ty,std::allocator<_Ty>>>>,std::allocator<std::vector<std::vector<_Ty,std::allocator<_Ty>>,std::allocator<std::vector<_Ty,std::allocator<_Ty>>>>>>”的声明
          with
          [
              _Ty=char *
          ]
f:\学习\大三下\软件工程\第1次作业\repo\wordlistbuaa\coredll\coredll\readin.h(26): warning C4251: “Readin::WordTreeLenth”: class“std::vector<std::vector<std::vector<int,std::allocator<_Ty>>,std::allocator<std::vector<_Ty,std::allocator<_Ty>>>>,std::allocator<std::vector<std::vector<_Ty,std::allocator<_Ty>>,std::allocator<std::vector<_Ty,std::allocator<_Ty>>>>>>”需要有 dll 接口由 class“Readin”的客户端使用
          with
          [
              _Ty=int
          ]
  f:\学习\大三下\软件工程\第1次作业\repo\wordlistbuaa\coredll\coredll\readin.h(26): note: 参见“std::vector<std::vector<std::vector<int,std::allocator<_Ty>>,std::allocator<std::vector<_Ty,std::allocator<_Ty>>>>,std::allocator<std::vector<std::vector<_Ty,std::allocator<_Ty>>,std::allocator<std::vector<_Ty,std::allocator<_Ty>>>>>>”的声明
          with
          [
              _Ty=int
          ]
f:\学习\大三下\软件工程\第1次作业\repo\wordlistbuaa\coredll\coredll\readin.h(27): warning C4251: “Readin::WordTreeUsed”: class“std::vector<std::vector<std::vector<int,std::allocator<_Ty>>,std::allocator<std::vector<_Ty,std::allocator<_Ty>>>>,std::allocator<std::vector<std::vector<_Ty,std::allocator<_Ty>>,std::allocator<std::vector<_Ty,std::allocator<_Ty>>>>>>”需要有 dll 接口由 class“Readin”的客户端使用
          with
          [
              _Ty=int
          ]
  f:\学习\大三下\软件工程\第1次作业\repo\wordlistbuaa\coredll\coredll\readin.h(26): note: 参见“std::vector<std::vector<std::vector<int,std::allocator<_Ty>>,std::allocator<std::vector<_Ty,std::allocator<_Ty>>>>,std::allocator<std::vector<std::vector<_Ty,std::allocator<_Ty>>,std::allocator<std::vector<_Ty,std::allocator<_Ty>>>>>>”的声明
          with
          [
              _Ty=int
          ]
f:\学习\大三下\软件工程\第1次作业\repo\wordlistbuaa\coredll\coredll\core.cpp(8): warning C4273: “Core::Core”: dll 链接不一致
  f:\学习\大三下\软件工程\第1次作业\repo\wordlistbuaa\coredll\coredll\core.h(20): note: 参见“{ctor}”的前一个定义
f:\学习\大三下\软件工程\第1次作业\repo\wordlistbuaa\coredll\coredll\core.cpp(14): warning C4273: “Core::~Core”: dll 链接不一致
  f:\学习\大三下\软件工程\第1次作业\repo\wordlistbuaa\coredll\coredll\core.h(21): note: 参见“{dtor}”的前一个定义
f:\学习\大三下\软件工程\第1次作业\repo\wordlistbuaa\coredll\coredll\core.cpp(18): warning C4273: “Core::gen_chain_word”: dll 链接不一致
  f:\学习\大三下\软件工程\第1次作业\repo\wordlistbuaa\coredll\coredll\core.h(18): note: 参见“gen_chain_word”的前一个定义
f:\学习\大三下\软件工程\第1次作业\repo\wordlistbuaa\coredll\coredll\core.cpp(25): warning C4273: “Core::gen_chain_char”: dll 链接不一致
  f:\学习\大三下\软件工程\第1次作业\repo\wordlistbuaa\coredll\coredll\core.h(19): note: 参见“gen_chain_char”的前一个定义
    正在创建库 F:\学习\大三下\软件工程\第1次作业\repo\wordListBuaa\CoreDLL\Debug\CoreDLL.lib 和对象 F:\学习\大三下\软件工程\第1次作业\repo\wordListBuaa\CoreDLL\Debug\CoreDLL.exp
  CoreDLL.vcxproj -> F:\学习\大三下\软件工程\第1次作业\repo\wordListBuaa\CoreDLL\Debug\CoreDLL.dll
