  stdafx.cpp
  dllmain.cpp
  Input.cpp
f:\学习\大三下\软件工程\第1次作业\repo\wordlistbuaa\wddll\wddll\input.cpp(1): warning C4603: “InputDll”: 未定义宏或在预编译头使用后定义发生改变
  f:\学习\大三下\软件工程\第1次作业\repo\wordlistbuaa\wddll\wddll\input.cpp(1): note: 将宏添加到预编译头中，而不是在此处定义
  f:\学习\大三下\软件工程\第1次作业\repo\wordlistbuaa\wddll\wddll\input.cpp(3): note: 使用预编译头
f:\学习\大三下\软件工程\第1次作业\repo\wordlistbuaa\wddll\wddll\input.cpp(8): warning C4273: “Input::Input”: dll 链接不一致
  f:\学习\大三下\软件工程\第1次作业\repo\wordlistbuaa\wddll\wddll\input.h(32): note: 参见“{ctor}”的前一个定义
f:\学习\大三下\软件工程\第1次作业\repo\wordlistbuaa\wddll\wddll\input.cpp(13): warning C4273: “Input::~Input”: dll 链接不一致
  f:\学习\大三下\软件工程\第1次作业\repo\wordlistbuaa\wddll\wddll\input.h(33): note: 参见“{dtor}”的前一个定义
f:\学习\大三下\软件工程\第1次作业\repo\wordlistbuaa\wddll\wddll\input.cpp(17): warning C4273: “Input::CompareStr”: dll 链接不一致
  f:\学习\大三下\软件工程\第1次作业\repo\wordlistbuaa\wddll\wddll\input.h(35): note: 参见“CompareStr”的前一个定义
f:\学习\大三下\软件工程\第1次作业\repo\wordlistbuaa\wddll\wddll\input.cpp(35): warning C4273: “Input::InputHandle”: dll 链接不一致
  f:\学习\大三下\软件工程\第1次作业\repo\wordlistbuaa\wddll\wddll\input.h(31): note: 参见“InputHandle”的前一个定义
  WDDll.cpp
  正在编译...
  正在生成代码...
    正在创建库 F:\学习\大三下\软件工程\第1次作业\repo\wordListBuaa\WDDll\Debug\WDDll.lib 和对象 F:\学习\大三下\软件工程\第1次作业\repo\wordListBuaa\WDDll\Debug\WDDll.exp
  WDDll.vcxproj -> F:\学习\大三下\软件工程\第1次作业\repo\wordListBuaa\WDDll\Debug\WDDll.dll
f:\学习\大三下\软件工程\第1次作业\repo\wordlistbuaa\wddll\wddll\input.cpp(7): warning C26495: Variable 'Input::FileName' is uninitialized. Always initialize a member variable (type.6).
